<?xml version="1.0" encoding="UTF-8"?>
<!-- Generated by org.testng.reporters.JUnitReportReporter -->
<testsuite skipped="0" hostname="DESKTOP-987SG1D" name="com.wordpress.qa.testcases.IndexPageTest" tests="3" failures="0" timestamp="2020-08-18T21:06:34 IST" time="69.978" errors="0">
  <testcase name="verifilogo" time="15.837" classname="com.wordpress.qa.testcases.IndexPageTest"/>
  <system-out/>
  <testcase name="verifieTital" time="16.897" classname="com.wordpress.qa.testcases.IndexPageTest"/>
  <system-out/>
  <testcase name="searchProduct" time="37.244" classname="com.wordpress.qa.testcases.IndexPageTest"/>
  <system-out/>
</testsuite> <!-- com.wordpress.qa.testcases.IndexPageTest -->
