<?xml version="1.0" encoding="UTF-8"?>
<!-- Generated by org.testng.reporters.JUnitReportReporter -->
<testsuite skipped="0" hostname="DESKTOP-987SG1D" name="com.wordpress.qa.testcases.MarathiPageTest" tests="2" failures="0" timestamp="2020-08-18T21:06:33 IST" time="37.604" errors="0">
  <testcase name="verifilogo" time="25.214" classname="com.wordpress.qa.testcases.MarathiPageTest"/>
  <system-out/>
  <testcase name="products" time="12.390" classname="com.wordpress.qa.testcases.MarathiPageTest"/>
  <system-out/>
</testsuite> <!-- com.wordpress.qa.testcases.MarathiPageTest -->
