<?xml version="1.0" encoding="UTF-8"?>
<!-- Generated by org.testng.reporters.JUnitReportReporter -->
<testsuite skipped="0" hostname="DESKTOP-987SG1D" name="com.wordpress.qa.testcases.LoginPageTest" tests="1" failures="0" timestamp="2020-08-18T21:06:34 IST" time="17.219" errors="0">
  <testcase name="AddtocartTest" time="17.219" classname="com.wordpress.qa.testcases.LoginPageTest"/>
  <system-out/>
</testsuite> <!-- com.wordpress.qa.testcases.LoginPageTest -->
